INFO 2023-12-11 17:38:10,261 autoreload 952 17616 Watching for file changes with StatReloader
INFO 2023-12-11 17:38:44,328 autoreload 26484 19384 Watching for file changes with StatReloader
WARNING 2023-12-11 17:38:45,833 log 26484 2540 Not Found: /
WARNING 2023-12-11 17:38:45,834 basehttp 26484 2540 "GET / HTTP/1.1" 404 2507
WARNING 2023-12-11 17:39:02,153 log 26484 2540 Not Found: /abot_me
WARNING 2023-12-11 17:39:02,154 basehttp 26484 2540 "GET /abot_me HTTP/1.1" 404 2546
INFO 2023-12-11 17:39:07,403 basehttp 26484 2540 "GET /about_me HTTP/1.1" 301 0
INFO 2023-12-11 17:39:07,404 views 26484 2784 Страница "О себе" успешно открыта
ERROR 2023-12-11 17:39:07,492 log 26484 2784 Internal Server Error: /about_me/
Traceback (most recent call last):
  File "D:\GB Django\venv\Lib\site-packages\django\template\backends\django.py", line 61, in render
    return self.template.render(context)
           ^^^^^^^^^^^^^^^^^^^^^^^^^^^^^
  File "D:\GB Django\venv\Lib\site-packages\django\template\base.py", line 171, in render
    return self._render(context)
           ^^^^^^^^^^^^^^^^^^^^^
  File "D:\GB Django\venv\Lib\site-packages\django\template\base.py", line 163, in _render
    return self.nodelist.render(context)
           ^^^^^^^^^^^^^^^^^^^^^^^^^^^^^
  File "D:\GB Django\venv\Lib\site-packages\django\template\base.py", line 1000, in render
    return SafeString("".join([node.render_annotated(context) for node in self]))
                              ^^^^^^^^^^^^^^^^^^^^^^^^^^^^^^^^^^^^^^^^^^^^^^^^^
  File "D:\GB Django\venv\Lib\site-packages\django\template\base.py", line 1000, in <listcomp>
    return SafeString("".join([node.render_annotated(context) for node in self]))
                               ^^^^^^^^^^^^^^^^^^^^^^^^^^^^^^
  File "D:\GB Django\venv\Lib\site-packages\django\template\base.py", line 961, in render_annotated
    return self.render(context)
           ^^^^^^^^^^^^^^^^^^^^
  File "D:\GB Django\venv\Lib\site-packages\django\template\loader_tags.py", line 134, in render
    compiled_parent = self.get_parent(context)
                      ^^^^^^^^^^^^^^^^^^^^^^^^
  File "D:\GB Django\venv\Lib\site-packages\django\template\loader_tags.py", line 131, in get_parent
    return self.find_template(parent, context)
           ^^^^^^^^^^^^^^^^^^^^^^^^^^^^^^^^^^^
  File "D:\GB Django\venv\Lib\site-packages\django\template\loader_tags.py", line 109, in find_template
    template, origin = context.template.engine.find_template(
                       ^^^^^^^^^^^^^^^^^^^^^^^^^^^^^^^^^^^^^^
  File "D:\GB Django\venv\Lib\site-packages\django\template\engine.py", line 161, in find_template
    raise TemplateDoesNotExist(name, tried=tried)
django.template.exceptions.TemplateDoesNotExist: shop_app/base.html

The above exception was the direct cause of the following exception:

Traceback (most recent call last):
  File "D:\GB Django\venv\Lib\site-packages\django\core\handlers\exception.py", line 55, in inner
    response = get_response(request)
               ^^^^^^^^^^^^^^^^^^^^^
  File "D:\GB Django\venv\Lib\site-packages\django\core\handlers\base.py", line 197, in _get_response
    response = wrapped_callback(request, *callback_args, **callback_kwargs)
               ^^^^^^^^^^^^^^^^^^^^^^^^^^^^^^^^^^^^^^^^^^^^^^^^^^^^^^^^^^^^
  File "D:\GB Django\myproject\hw1_aboutmeapp\views.py", line 38, in about_me
    return render(request, 'about_me.html')
           ^^^^^^^^^^^^^^^^^^^^^^^^^^^^^^^^
  File "D:\GB Django\venv\Lib\site-packages\django\shortcuts.py", line 24, in render
    content = loader.render_to_string(template_name, context, request, using=using)
              ^^^^^^^^^^^^^^^^^^^^^^^^^^^^^^^^^^^^^^^^^^^^^^^^^^^^^^^^^^^^^^^^^^^^^
  File "D:\GB Django\venv\Lib\site-packages\django\template\loader.py", line 62, in render_to_string
    return template.render(context, request)
           ^^^^^^^^^^^^^^^^^^^^^^^^^^^^^^^^^
  File "D:\GB Django\venv\Lib\site-packages\django\template\backends\django.py", line 63, in render
    reraise(exc, self.backend)
  File "D:\GB Django\venv\Lib\site-packages\django\template\backends\django.py", line 84, in reraise
    raise new from exc
django.template.exceptions.TemplateDoesNotExist: shop_app/base.html
ERROR 2023-12-11 17:39:07,495 basehttp 26484 2784 "GET /about_me/ HTTP/1.1" 500 130617
INFO 2023-12-11 17:41:20,508 autoreload 3792 14260 Watching for file changes with StatReloader
WARNING 2023-12-11 17:41:21,333 log 3792 24100 Not Found: /
WARNING 2023-12-11 17:41:21,334 basehttp 3792 24100 "GET / HTTP/1.1" 404 2507
INFO 2023-12-11 17:41:31,699 views 3792 24100 Страница "О себе" успешно открыта
INFO 2023-12-11 17:41:31,702 basehttp 3792 24100 "GET /about_me/ HTTP/1.1" 200 123
INFO 2023-12-11 17:42:19,691 views 3792 24100 Страница "О себе" успешно открыта
INFO 2023-12-11 17:42:19,692 basehttp 3792 24100 "GET /about_me/ HTTP/1.1" 200 6007
INFO 2023-12-11 17:42:27,216 views 3792 24100 Страница "О себе" успешно открыта
INFO 2023-12-11 17:42:27,217 basehttp 3792 24100 "GET /about_me/ HTTP/1.1" 200 6007
INFO 2023-12-11 17:42:29,920 basehttp 3792 24100 "GET /admin HTTP/1.1" 301 0
INFO 2023-12-11 17:42:29,934 basehttp 3792 360 "GET /admin/ HTTP/1.1" 302 0
INFO 2023-12-11 17:42:29,995 basehttp 3792 360 "GET /admin/login/?next=/admin/ HTTP/1.1" 200 4158
INFO 2023-12-11 17:42:30,061 basehttp 3792 360 "GET /static/admin/css/base.css HTTP/1.1" 200 21544
INFO 2023-12-11 17:42:30,072 basehttp 3792 360 "GET /static/admin/js/nav_sidebar.js HTTP/1.1" 200 3063
INFO 2023-12-11 17:42:30,077 basehttp 3792 7300 "GET /static/admin/css/dark_mode.css HTTP/1.1" 200 2682
INFO 2023-12-11 17:42:30,097 basehttp 3792 14056 "GET /static/admin/css/login.css HTTP/1.1" 200 958
INFO 2023-12-11 17:42:30,126 basehttp 3792 24676 "GET /static/admin/js/theme.js HTTP/1.1" 200 1943
INFO 2023-12-11 17:42:30,141 basehttp 3792 25720 "GET /static/admin/css/nav_sidebar.css HTTP/1.1" 200 2810
INFO 2023-12-11 17:42:30,141 basehttp 3792 5496 "GET /static/admin/css/responsive.css HTTP/1.1" 200 17905
WARNING 2023-12-11 17:42:34,464 log 3792 5496 Not Found: /shop/products
WARNING 2023-12-11 17:42:34,464 basehttp 3792 5496 "GET /shop/products HTTP/1.1" 404 2564
INFO 2023-12-11 17:43:37,393 views 3792 5496 Страница "О себе" успешно открыта
INFO 2023-12-11 17:43:37,394 basehttp 3792 5496 "GET /about_me/ HTTP/1.1" 200 6007
INFO 2023-12-11 17:43:38,842 views 3792 5496 Страница "О себе" успешно открыта
INFO 2023-12-11 17:43:38,842 basehttp 3792 5496 "GET /about_me/ HTTP/1.1" 200 6007
WARNING 2023-12-11 17:43:45,328 log 3792 5496 Not Found: /shop/choice_product_id_form
WARNING 2023-12-11 17:43:45,328 basehttp 3792 5496 "GET /shop/choice_product_id_form HTTP/1.1" 404 2606
INFO 2023-12-11 17:55:01,123 views 3792 11020 Страница "О себе" успешно открыта
INFO 2023-12-11 17:55:01,124 basehttp 3792 11020 "GET /about_me/ HTTP/1.1" 200 3733
WARNING 2023-12-11 17:55:01,133 log 3792 11020 Not Found: /assets/images/7578353-vdt.jpg
WARNING 2023-12-11 17:55:01,134 basehttp 3792 11020 "GET /assets/images/7578353-vdt.jpg HTTP/1.1" 404 2612
INFO 2023-12-11 17:56:12,677 views 3792 11020 Страница "О себе" успешно открыта
INFO 2023-12-11 17:56:12,685 basehttp 3792 11020 "GET /about_me/ HTTP/1.1" 200 3724
WARNING 2023-12-11 17:56:12,696 log 3792 11020 Not Found: /assets/images/i.webp
WARNING 2023-12-11 17:56:12,696 basehttp 3792 11020 "GET /assets/images/i.webp HTTP/1.1" 404 2585
INFO 2023-12-11 17:56:13,381 views 3792 11020 Страница "О себе" успешно открыта
INFO 2023-12-11 17:56:13,382 basehttp 3792 11020 "GET /about_me/ HTTP/1.1" 200 3724
WARNING 2023-12-11 17:56:13,392 log 3792 11020 Not Found: /assets/images/i.webp
WARNING 2023-12-11 17:56:13,392 basehttp 3792 11020 "GET /assets/images/i.webp HTTP/1.1" 404 2585
INFO 2023-12-11 17:57:27,604 views 3792 11020 Страница "О себе" успешно открыта
INFO 2023-12-11 17:57:27,605 basehttp 3792 11020 "GET /about_me/ HTTP/1.1" 200 3724
WARNING 2023-12-11 17:57:27,616 log 3792 11020 Not Found: /assets/images/VD.png
WARNING 2023-12-11 17:57:27,616 basehttp 3792 11020 "GET /assets/images/VD.png HTTP/1.1" 404 2585
INFO 2023-12-11 17:57:28,730 views 3792 11020 Страница "О себе" успешно открыта
INFO 2023-12-11 17:57:28,731 basehttp 3792 11020 "GET /about_me/ HTTP/1.1" 200 3724
WARNING 2023-12-11 17:57:28,743 log 3792 11020 Not Found: /assets/images/VD.png
WARNING 2023-12-11 17:57:28,743 basehttp 3792 11020 "GET /assets/images/VD.png HTTP/1.1" 404 2585
INFO 2023-12-11 17:57:43,283 autoreload 8596 12672 Watching for file changes with StatReloader
WARNING 2023-12-11 17:57:44,555 log 8596 9140 Not Found: /
WARNING 2023-12-11 17:57:44,556 basehttp 8596 9140 "GET / HTTP/1.1" 404 2507
INFO 2023-12-11 17:57:59,041 views 8596 9140 Страница "О себе" успешно открыта
INFO 2023-12-11 17:57:59,053 basehttp 8596 9140 "GET /about_me/ HTTP/1.1" 200 3724
WARNING 2023-12-11 17:57:59,065 log 8596 9140 Not Found: /assets/images/VD.png
WARNING 2023-12-11 17:57:59,065 basehttp 8596 9140 "GET /assets/images/VD.png HTTP/1.1" 404 2585
WARNING 2023-12-11 17:58:02,031 log 8596 9140 Not Found: /assets/images/VD.png
WARNING 2023-12-11 17:58:02,031 basehttp 8596 9140 "GET /assets/images/VD.png HTTP/1.1" 404 2585
INFO 2023-12-11 17:58:54,236 views 8596 9140 Страница "О себе" успешно открыта
INFO 2023-12-11 17:58:54,237 basehttp 8596 9140 "GET /about_me/ HTTP/1.1" 200 3735
WARNING 2023-12-11 17:58:54,249 log 8596 9140 Not Found: /assets/images/VD.png
WARNING 2023-12-11 17:58:54,249 basehttp 8596 9140 "GET /assets/images/VD.png HTTP/1.1" 404 2585
INFO 2023-12-11 18:02:21,787 views 8596 9140 Страница "О себе" успешно открыта
INFO 2023-12-11 18:02:21,788 basehttp 8596 9140 "GET /about_me/ HTTP/1.1" 200 3828
INFO 2023-12-11 18:08:21,136 views 8596 14928 Страница "О себе" успешно открыта
INFO 2023-12-11 18:08:21,137 basehttp 8596 14928 "GET /about_me/ HTTP/1.1" 200 3905
WARNING 2023-12-11 18:08:21,148 log 8596 14928 Not Found: /myproject/hw1_aboutmeapp/assets/images/VD.png
WARNING 2023-12-11 18:08:21,148 basehttp 8596 14928 "GET /myproject/hw1_aboutmeapp/assets/images/VD.png HTTP/1.1" 404 2660
INFO 2023-12-11 18:09:39,103 views 8596 14928 Страница "О себе" успешно открыта
INFO 2023-12-11 18:09:39,104 basehttp 8596 14928 "GET /about_me/ HTTP/1.1" 200 3882
WARNING 2023-12-11 18:09:39,116 log 8596 14928 Not Found: /assets/images/VD.png
WARNING 2023-12-11 18:09:39,116 basehttp 8596 14928 "GET /assets/images/VD.png HTTP/1.1" 404 2585
INFO 2023-12-11 18:10:58,953 autoreload 8596 12672 D:\GB Django\myproject\hw1_aboutmeapp\urls.py changed, reloading.
INFO 2023-12-11 18:10:59,316 autoreload 17208 4872 Watching for file changes with StatReloader
INFO 2023-12-11 18:11:00,050 views 17208 21192 Страница "Главная" успешно открыта
INFO 2023-12-11 18:11:00,051 basehttp 17208 21192 "GET / HTTP/1.1" 200 1023
INFO 2023-12-11 18:11:04,476 views 17208 21192 Страница "О себе" успешно открыта
INFO 2023-12-11 18:11:04,479 basehttp 17208 21192 "GET /about_me/? HTTP/1.1" 200 3829
INFO 2023-12-11 18:19:06,842 autoreload 7700 23120 Watching for file changes with StatReloader
INFO 2023-12-11 18:19:07,633 views 7700 3124 Страница "Главная" успешно открыта
INFO 2023-12-11 18:19:07,634 basehttp 7700 3124 "GET / HTTP/1.1" 200 1023
INFO 2023-12-11 18:19:14,161 views 7700 3124 Страница "О себе" успешно открыта
INFO 2023-12-11 18:19:14,164 basehttp 7700 3124 "GET /about_me/? HTTP/1.1" 200 4155
INFO 2023-12-11 18:21:30,307 views 7700 3124 Страница "О себе" успешно открыта
INFO 2023-12-11 18:21:30,308 basehttp 7700 3124 "GET /about_me/? HTTP/1.1" 200 4396
INFO 2023-12-11 18:21:47,866 views 7700 3124 Страница "О себе" успешно открыта
INFO 2023-12-11 18:21:47,867 basehttp 7700 3124 "GET /about_me/? HTTP/1.1" 200 4398
INFO 2023-12-11 18:23:48,402 views 7700 3124 Страница "О себе" успешно открыта
INFO 2023-12-11 18:23:48,403 basehttp 7700 3124 "GET /about_me/? HTTP/1.1" 200 2773
INFO 2023-12-11 18:23:49,635 views 7700 3124 Страница "О себе" успешно открыта
INFO 2023-12-11 18:23:49,636 basehttp 7700 3124 "GET /about_me/ HTTP/1.1" 200 2773
INFO 2023-12-11 18:23:50,275 views 7700 3124 Страница "Главная" успешно открыта
INFO 2023-12-11 18:23:50,276 basehttp 7700 3124 "GET / HTTP/1.1" 200 1023
INFO 2023-12-11 18:23:51,936 views 7700 3124 Страница "О себе" успешно открыта
INFO 2023-12-11 18:23:51,936 basehttp 7700 3124 "GET /about_me/? HTTP/1.1" 200 2773
